<?xml version="1.0" encoding="utf-8"?><testsuites name="pytest tests"><testsuite name="pytest" errors="0" failures="0" skipped="0" tests="19" time="5.775" timestamp="2026-08-18T08:47:23.231539+00:00" hostname="agent-env-3baf6ec6-de31-44db-9d20-d6afd2fcda0e"><testcase classname="tests.test_p2p_gateway" name="test_health" time="0.214" /><testcase classname="tests.test_p2p_gateway" name="test_login_success" time="0.206" /><testcase classname="tests.test_p2p_gateway" name="test_login_wrong_password" time="0.189" /><testcase classname="tests.test_p2p_gateway" name="test_register_new_and_duplicate" time="0.385" /><testcase classname="tests.test_p2p_gateway" name="test_order_book_requires_auth" time="0.141" /><testcase classname="tests.test_p2p_gateway" name="test_order_book_bidirectional" time="0.332" /><testcase classname="tests.test_p2p_gateway" name="test_fiat_cannot_create_redeem" time="0.135" /><testcase classname="tests.test_p2p_gateway" name="test_crypto_cannot_create_topup" time="0.335" /><testcase classname="tests.test_p2p_gateway" name="test_topup_creates_matches" time="0.363" /><testcase classname="tests.test_p2p_gateway" name="test_match_detail_unauth" time="0.124" /><testcase classname="tests.test_p2p_gateway" name="test_match_detail_authed" time="0.124" /><testcase classname="tests.test_p2p_gateway" name="test_escrow_creates_deposit_txn" time="0.443" /><testcase classname="tests.test_p2p_gateway" name="test_fiat_cannot_escrow" time="0.308" /><testcase classname="tests.test_p2p_gateway" name="test_confirm_fiat_and_release" time="0.874" /><testcase classname="tests.test_p2p_gateway" name="test_apikey_lifecycle" time="0.653" /><testcase classname="tests.test_p2p_gateway" name="test_generate_settlement" time="0.139" /><testcase classname="tests.test_p2p_gateway" name="test_hot_wallet" time="0.134" /><testcase classname="tests.test_p2p_gateway" name="test_stats" time="0.169" /><testcase classname="tests.test_p2p_gateway" name="test_order_cancel" time="0.408" /></testsuite></testsuites>